<?xml version="1.0" encoding="UTF-8"?>
<testsuite xmlns:xsi="http://www.w3.org/2001/XMLSchema-instance" xsi:noNamespaceSchemaLocation="https://maven.apache.org/surefire/maven-surefire-plugin/xsd/surefire-test-report.xsd" version="3.0.2" name="com.dualwrite.lab.metrics.InstrumentedOrderRepositoryTest" time="0.906" tests="5" errors="0" skipped="0" failures="0">
  <properties>
[...]
</properties>
  <testcase name="discardsCountingWhenTransactionRollsBack" classname="com.dualwrite.lab.metrics.InstrumentedOrderRepositoryTest" time="0.095"/>
  <testcase name="delegatesReadOperationsWithoutCounting" classname="com.dualwrite.lab.metrics.InstrumentedOrderRepositoryTest" time="0.004"/>
  <testcase name="defersCountingUntilTransactionCommits" classname="com.dualwrite.lab.metrics.InstrumentedOrderRepositoryTest" time="0.014"/>
  <testcase name="countsCommittedDatabaseWriteForCurrentScenario" classname="com.dualwrite.lab.metrics.InstrumentedOrderRepositoryTest" time="0.001"/>
  <testcase name="doesNotCountWhenNoScenarioIsActive" classname="com.dualwrite.lab.metrics.InstrumentedOrderRepositoryTest" time="0.002"/>
</testsuite>